<?xml version="1.0" encoding="UTF-8"?>
<!-- Generated by org.testng.reporters.JUnitReportReporter -->
<testsuite hostname="DESKTOP-A0DRGNL" failures="0" tests="1" name="tests.SignIn" time="8.758" errors="0" timestamp="2021-10-23T00:57:55 BDT" skipped="0">
  <testcase classname="tests.SignIn" name="signIn" time="8.758"/>
  <system-out/>
</testsuite> <!-- tests.SignIn -->
