<?xml version="1.0" encoding="UTF-8"?>
<!-- Generated by org.testng.reporters.JUnitReportReporter -->
<testsuite hostname="DESKTOP-A0DRGNL" failures="0" tests="1" name="tests.Buy" time="15.044" errors="0" timestamp="2021-10-22T22:39:34 BDT" skipped="0">
  <testcase classname="tests.Buy" name="buySection" time="15.044"/>
  <system-out/>
</testsuite> <!-- tests.Buy -->
