<?xml version="1.0" encoding="UTF-8"?>
<!-- Generated by org.testng.reporters.JUnitReportReporter -->
<testsuite hostname="DESKTOP-A0DRGNL" failures="0" tests="1" name="tests.RegistrationTest" time="11.543" errors="0" timestamp="2021-10-22T22:38:08 BDT" skipped="0">
  <testcase classname="tests.RegistrationTest" name="registrationTest" time="11.543"/>
  <system-out/>
</testsuite> <!-- tests.RegistrationTest -->
